<?xml version="1.0" encoding="UTF-8"?>
<testExecutions version="1">
  <file path="/home/eduviictor/dev/college/event-manager/backend/src/app/controllers/Event/EventController.test.ts">
    <testCase name="Event Controller Index - /events Should be able to return a list of events" duration="35"/>
    <testCase name="Event Controller Show - /events/id Should be able to return one user" duration="68"/>
    <testCase name="Event Controller Show - /events/id Should return &quot;404&quot; if not found a event" duration="78"/>
    <testCase name="Event Controller Create - /events Should be able to create a event" duration="156"/>
    <testCase name="Event Controller Update - /events/id Should be able to update a event" duration="118"/>
    <testCase name="Event Controller Update - /events/id Should return &quot;404&quot; if not found a event" duration="61"/>
    <testCase name="Event Controller Delete - /events/id Should be able to delete a event" duration="82"/>
    <testCase name="Event Controller Delete - /events/id Should return &quot;404&quot; if not found a event" duration="38"/>
  </file>
  <file path="/home/eduviictor/dev/college/event-manager/backend/src/app/controllers/Event/EventController.spec.ts">
    <testCase name="Event Controller Get all events: index()" duration="3"/>
    <testCase name="Event Controller Get one event: show()" duration="1"/>
    <testCase name="Event Controller Create one event: store()" duration="1"/>
    <testCase name="Event Controller Update one event: update()" duration="1"/>
    <testCase name="Event Controller Delete one event: delete()" duration="0"/>
  </file>
  <file path="/home/eduviictor/dev/college/event-manager/backend/src/app/controllers/Client/ClientController.spec.ts">
    <testCase name="Client Controller Get all clients: index()" duration="3"/>
    <testCase name="Client Controller Get one client: show()" duration="0"/>
    <testCase name="Client Controller Create one client: store()" duration="48"/>
    <testCase name="Client Controller Update one client: update()" duration="1"/>
    <testCase name="Client Controller Delete one client: delete()" duration="0"/>
  </file>
  <file path="/home/eduviictor/dev/college/event-manager/backend/src/app/controllers/Organizer/OrganizerController.spec.ts">
    <testCase name="Organizer Controller Get all organizers: index()" duration="3"/>
    <testCase name="Organizer Controller Get one organizer: show()" duration="1"/>
    <testCase name="Organizer Controller Create one organizer: store()" duration="51"/>
    <testCase name="Organizer Controller Update one organizer: update()" duration="0"/>
    <testCase name="Organizer Controller Delete one organizer: delete()" duration="1"/>
  </file>
  <file path="/home/eduviictor/dev/college/event-manager/backend/src/app/controllers/Attraction/AttractionController.spec.ts">
    <testCase name="Attraction Controller Get all attractions: index()" duration="2"/>
    <testCase name="Attraction Controller Get one attraction: show()" duration="1"/>
    <testCase name="Attraction Controller Create one attraction: store()" duration="0"/>
    <testCase name="Attraction Controller Update one attraction: update()" duration="0"/>
    <testCase name="Attraction Controller Delete one attraction: delete()" duration="0"/>
  </file>
  <file path="/home/eduviictor/dev/college/event-manager/backend/src/app/controllers/Ticket/TicketController.spec.ts">
    <testCase name="Ticket Controller Get all tickets: index()" duration="4"/>
    <testCase name="Ticket Controller Get one ticket: show()" duration="1"/>
    <testCase name="Ticket Controller Create one ticket: store()" duration="2"/>
    <testCase name="Ticket Controller Update one ticket: update()" duration="1"/>
    <testCase name="Ticket Controller Delete one ticket: delete()" duration="0"/>
  </file>
</testExecutions>